0 info it worked if it ends with ok
1 verbose cli [ '/Users/ambekarbharat/.nvm/versions/node/v5.0.0/bin/node',
1 verbose cli   '/Users/ambekarbharat/.nvm/versions/node/v5.0.0/bin/npm',
1 verbose cli   'start' ]
2 info using npm@3.10.9
3 info using node@v5.0.0
4 verbose run-script [ 'prestart', 'start', 'poststart' ]
5 info lifecycle departureboard@1.0.0~prestart: departureboard@1.0.0
6 silly lifecycle departureboard@1.0.0~prestart: no script for prestart, continuing
7 info lifecycle departureboard@1.0.0~start: departureboard@1.0.0
8 verbose lifecycle departureboard@1.0.0~start: unsafe-perm in lifecycle true
9 verbose lifecycle departureboard@1.0.0~start: PATH: /Users/ambekarbharat/.nvm/versions/node/v5.0.0/lib/node_modules/npm/bin/node-gyp-bin:/Users/ambekarbharat/Downloads/DepartureBoard/node_modules/.bin:/Users/ambekarbharat/.nvm/versions/node/v5.0.0/bin:/usr/local/bin:/usr/bin:/bin:/usr/sbin:/sbin
10 verbose lifecycle departureboard@1.0.0~start: CWD: /Users/ambekarbharat/Downloads/DepartureBoard
11 silly lifecycle departureboard@1.0.0~start: Args: [ '-c', 'npm run build' ]
12 silly lifecycle departureboard@1.0.0~start: Returned: code: 1  signal: null
13 info lifecycle departureboard@1.0.0~start: Failed to exec start script
14 verbose stack Error: departureboard@1.0.0 start: `npm run build`
14 verbose stack Exit status 1
14 verbose stack     at EventEmitter.<anonymous> (/Users/ambekarbharat/.nvm/versions/node/v5.0.0/lib/node_modules/npm/lib/utils/lifecycle.js:255:16)
14 verbose stack     at emitTwo (events.js:87:13)
14 verbose stack     at EventEmitter.emit (events.js:172:7)
14 verbose stack     at ChildProcess.<anonymous> (/Users/ambekarbharat/.nvm/versions/node/v5.0.0/lib/node_modules/npm/lib/utils/spawn.js:40:14)
14 verbose stack     at emitTwo (events.js:87:13)
14 verbose stack     at ChildProcess.emit (events.js:172:7)
14 verbose stack     at maybeClose (internal/child_process.js:818:16)
14 verbose stack     at Process.ChildProcess._handle.onexit (internal/child_process.js:211:5)
15 verbose pkgid departureboard@1.0.0
16 verbose cwd /Users/ambekarbharat/Downloads/DepartureBoard
17 error Darwin 16.0.0
18 error argv "/Users/ambekarbharat/.nvm/versions/node/v5.0.0/bin/node" "/Users/ambekarbharat/.nvm/versions/node/v5.0.0/bin/npm" "start"
19 error node v5.0.0
20 error npm  v3.10.9
21 error code ELIFECYCLE
22 error departureboard@1.0.0 start: `npm run build`
22 error Exit status 1
23 error Failed at the departureboard@1.0.0 start script 'npm run build'.
23 error Make sure you have the latest version of node.js and npm installed.
23 error If you do, this is most likely a problem with the departureboard package,
23 error not with npm itself.
23 error Tell the author that this fails on your system:
23 error     npm run build
23 error You can get information on how to open an issue for this project with:
23 error     npm bugs departureboard
23 error Or if that isn't available, you can get their info via:
23 error     npm owner ls departureboard
23 error There is likely additional logging output above.
24 verbose exit [ 1, true ]
